<?xml version="1.0" encoding="UTF-8"?>
<testsuites name="jest tests" tests="2" failures="0" errors="0" time="10.065">
  <testsuite name="undefined" errors="0" failures="0" skipped="0" timestamp="2026-04-03T07:09:50" time="7.311" tests="1">
    <testcase classname=" submits form with values" name=" submits form with values" time="0.308">
    </testcase>
  </testsuite>
  <testsuite name="undefined" errors="0" failures="0" skipped="0" timestamp="2026-04-03T07:09:50" time="8.126" tests="1">
    <testcase classname=" renders vulnerabilities list" name=" renders vulnerabilities list" time="0.39">
    </testcase>
  </testsuite>
</testsuites>